<?xml version="1.0" encoding="UTF-8"?>
<testsuite xmlns:xsi="http://www.w3.org/2001/XMLSchema-instance" xsi:noNamespaceSchemaLocation="https://maven.apache.org/surefire/maven-surefire-plugin/xsd/surefire-test-report-3.0.xsd" version="3.0" name="TestSuite" time="0.962" tests="23" errors="0" skipped="0" failures="0">
  <properties>
    <property name="java.specification.version" value="18"/>
    <property name="user.region" value="US"/>
    <property name="sun.jnu.encoding" value="UTF-8"/>
    <property name="java.class.path" value="/Users/vivekjain/Data/trino-workspace/trino-http/target/test-classes:/Users/vivekjain/Data/trino-workspace/trino-http/target/classes:/Users/vivekjain/.m2/repository/io/trino/trino-plugin-toolkit/375/trino-plugin-toolkit-375.jar:/Users/vivekjain/.m2/repository/io/trino/trino-matching/375/trino-matching-375.jar:/Users/vivekjain/.m2/repository/io/airlift/log/214/log-214.jar:/Users/vivekjain/.m2/repository/io/airlift/parameternames/1.4/parameternames-1.4.jar:/Users/vivekjain/.m2/repository/io/airlift/stats/214/stats-214.jar:/Users/vivekjain/.m2/repository/org/hdrhistogram/HdrHistogram/2.1.9/HdrHistogram-2.1.9.jar:/Users/vivekjain/.m2/repository/io/airlift/units/1.6/units-1.6.jar:/Users/vivekjain/.m2/repository/com/fasterxml/jackson/core/jackson-core/2.13.1/jackson-core-2.13.1.jar:/Users/vivekjain/.m2/repository/joda-time/joda-time/2.10.13/joda-time-2.10.13.jar:/Users/vivekjain/.m2/repository/org/weakref/jmxutils/1.21/jmxutils-1.21.jar:/Users/vivekjain/.m2/repository/io/airlift/bootstrap/214/bootstrap-214.jar:/Users/vivekjain/.m2/repository/io/airlift/log-manager/214/log-manager-214.jar:/Users/vivekjain/.m2/repository/org/slf4j/slf4j-jdk14/1.7.32/slf4j-jdk14-1.7.32.jar:/Users/vivekjain/.m2/repository/org/slf4j/log4j-over-slf4j/1.7.32/log4j-over-slf4j-1.7.32.jar:/Users/vivekjain/.m2/repository/org/apache/logging/log4j/log4j-to-slf4j/2.17.1/log4j-to-slf4j-2.17.1.jar:/Users/vivekjain/.m2/repository/org/apache/logging/log4j/log4j-api/2.17.1/log4j-api-2.17.1.jar:/Users/vivekjain/.m2/repository/org/slf4j/jcl-over-slf4j/1.7.32/jcl-over-slf4j-1.7.32.jar:/Users/vivekjain/.m2/repository/javax/annotation/javax.annotation-api/1.3.2/javax.annotation-api-1.3.2.jar:/Users/vivekjain/.m2/repository/io/airlift/configuration/214/configuration-214.jar:/Users/vivekjain/.m2/repository/org/apache/bval/bval-jsr/2.0.5/bval-jsr-2.0.5.jar:/Users/vivekjain/.m2/repository/net/bytebuddy/byte-buddy/1.10.22/byte-buddy-1.10.22.jar:/Users/vivekjain/.m2/repository/io/airlift/json/214/json-214.jar:/Users/vivekjain/.m2/repository/com/fasterxml/jackson/datatype/jackson-datatype-jdk8/2.13.1/jackson-datatype-jdk8-2.13.1.jar:/Users/vivekjain/.m2/repository/com/fasterxml/jackson/datatype/jackson-datatype-jsr310/2.13.1/jackson-datatype-jsr310-2.13.1.jar:/Users/vivekjain/.m2/repository/com/fasterxml/jackson/datatype/jackson-datatype-guava/2.13.1/jackson-datatype-guava-2.13.1.jar:/Users/vivekjain/.m2/repository/com/fasterxml/jackson/datatype/jackson-datatype-joda/2.13.1/jackson-datatype-joda-2.13.1.jar:/Users/vivekjain/.m2/repository/com/fasterxml/jackson/module/jackson-module-parameter-names/2.13.1/jackson-module-parameter-names-2.13.1.jar:/Users/vivekjain/.m2/repository/com/fasterxml/jackson/core/jackson-databind/2.13.1/jackson-databind-2.13.1.jar:/Users/vivekjain/.m2/repository/com/google/guava/guava/31.0.1-jre/guava-31.0.1-jre.jar:/Users/vivekjain/.m2/repository/com/google/guava/failureaccess/1.0.1/failureaccess-1.0.1.jar:/Users/vivekjain/.m2/repository/com/google/code/findbugs/jsr305/3.0.2/jsr305-3.0.2.jar:/Users/vivekjain/.m2/repository/org/checkerframework/checker-qual/3.20.0/checker-qual-3.20.0.jar:/Users/vivekjain/.m2/repository/com/google/errorprone/error_prone_annotations/2.11.0/error_prone_annotations-2.11.0.jar:/Users/vivekjain/.m2/repository/com/google/j2objc/j2objc-annotations/1.3/j2objc-annotations-1.3.jar:/Users/vivekjain/.m2/repository/com/google/inject/guice/5.1.0/guice-5.1.0.jar:/Users/vivekjain/.m2/repository/aopalliance/aopalliance/1.0/aopalliance-1.0.jar:/Users/vivekjain/.m2/repository/javax/inject/javax.inject/1/javax.inject-1.jar:/Users/vivekjain/.m2/repository/javax/validation/validation-api/2.0.1.Final/validation-api-2.0.1.Final.jar:/Users/vivekjain/.m2/repository/io/trino/trino-spi/375/trino-spi-375.jar:/Users/vivekjain/.m2/repository/io/airlift/slice/0.41/slice-0.41.jar:/Users/vivekjain/.m2/repository/com/fasterxml/jackson/core/jackson-annotations/2.13.1/jackson-annotations-2.13.1.jar:/Users/vivekjain/.m2/repository/org/openjdk/jol/jol-core/0.2/jol-core-0.2.jar:/Users/vivekjain/.m2/repository/io/trino/trino-main/375/trino-main-375.jar:/Users/vivekjain/.m2/repository/io/trino/trino-array/375/trino-array-375.jar:/Users/vivekjain/.m2/repository/io/trino/trino-client/375/trino-client-375.jar:/Users/vivekjain/.m2/repository/net/jodah/failsafe/2.4.0/failsafe-2.4.0.jar:/Users/vivekjain/.m2/repository/io/trino/trino-collect/375/trino-collect-375.jar:/Users/vivekjain/.m2/repository/io/trino/trino-geospatial-toolkit/375/trino-geospatial-toolkit-375.jar:/Users/vivekjain/.m2/repository/org/locationtech/jts/io/jts-io-common/1.16.1/jts-io-common-1.16.1.jar:/Users/vivekjain/.m2/repository/com/googlecode/json-simple/json-simple/1.1.1/json-simple-1.1.1.jar:/Users/vivekjain/.m2/repository/io/trino/trino-memory-context/375/trino-memory-context-375.jar:/Users/vivekjain/.m2/repository/io/trino/trino-parser/375/trino-parser-375.jar:/Users/vivekjain/.m2/repository/org/antlr/antlr4-runtime/4.9.3/antlr4-runtime-4.9.3.jar:/Users/vivekjain/.m2/repository/io/airlift/aircompressor/0.21/aircompressor-0.21.jar:/Users/vivekjain/.m2/repository/io/airlift/bytecode/1.4/bytecode-1.4.jar:/Users/vivekjain/.m2/repository/org/ow2/asm/asm-tree/9.2/asm-tree-9.2.jar:/Users/vivekjain/.m2/repository/org/ow2/asm/asm-util/9.2/asm-util-9.2.jar:/Users/vivekjain/.m2/repository/org/ow2/asm/asm-analysis/9.2/asm-analysis-9.2.jar:/Users/vivekjain/.m2/repository/io/airlift/concurrent/214/concurrent-214.jar:/Users/vivekjain/.m2/repository/io/airlift/discovery/214/discovery-214.jar:/Users/vivekjain/.m2/repository/io/airlift/event/214/event-214.jar:/Users/vivekjain/.m2/repository/io/airlift/http-client/214/http-client-214.jar:/Users/vivekjain/.m2/repository/org/eclipse/jetty/jetty-client/9.4.44.v20210927/jetty-client-9.4.44.v20210927.jar:/Users/vivekjain/.m2/repository/org/eclipse/jetty/http2/http2-client/9.4.44.v20210927/http2-client-9.4.44.v20210927.jar:/Users/vivekjain/.m2/repository/org/eclipse/jetty/jetty-alpn-client/9.4.44.v20210927/jetty-alpn-client-9.4.44.v20210927.jar:/Users/vivekjain/.m2/repository/org/eclipse/jetty/http2/http2-http-client-transport/9.4.44.v20210927/http2-http-client-transport-9.4.44.v20210927.jar:/Users/vivekjain/.m2/repository/org/eclipse/jetty/jetty-alpn-java-client/9.4.44.v20210927/jetty-alpn-java-client-9.4.44.v20210927.jar:/Users/vivekjain/.m2/repository/io/airlift/jaxrs/214/jaxrs-214.jar:/Users/vivekjain/.m2/repository/javax/xml/bind/jaxb-api/2.3.1/jaxb-api-2.3.1.jar:/Users/vivekjain/.m2/repository/javax/activation/javax.activation-api/1.2.0/javax.activation-api-1.2.0.jar:/Users/vivekjain/.m2/repository/org/glassfish/jaxb/jaxb-runtime/2.3.4/jaxb-runtime-2.3.4.jar:/Users/vivekjain/.m2/repository/org/glassfish/jaxb/txw2/2.3.4/txw2-2.3.4.jar:/Users/vivekjain/.m2/repository/com/sun/istack/istack-commons-runtime/3.0.12/istack-commons-runtime-3.0.12.jar:/Users/vivekjain/.m2/repository/org/glassfish/jersey/core/jersey-server/2.26/jersey-server-2.26.jar:/Users/vivekjain/.m2/repository/org/glassfish/jersey/core/jersey-common/2.26/jersey-common-2.26.jar:/Users/vivekjain/.m2/repository/org/glassfish/hk2/osgi-resource-locator/1.0.1/osgi-resource-locator-1.0.1.jar:/Users/vivekjain/.m2/repository/org/glassfish/jersey/core/jersey-client/2.26/jersey-client-2.26.jar:/Users/vivekjain/.m2/repository/org/glassfish/jersey/media/jersey-media-jaxb/2.26/jersey-media-jaxb-2.26.jar:/Users/vivekjain/.m2/repository/org/glassfish/jersey/containers/jersey-container-servlet-core/2.26/jersey-container-servlet-core-2.26.jar:/Users/vivekjain/.m2/repository/org/glassfish/jersey/containers/jersey-container-servlet/2.26/jersey-container-servlet-2.26.jar:/Users/vivekjain/.m2/repository/org/glassfish/jersey/inject/jersey-hk2/2.26/jersey-hk2-2.26.jar:/Users/vivekjain/.m2/repository/org/glassfish/hk2/hk2-locator/2.5.0-b42/hk2-locator-2.5.0-b42.jar:/Users/vivekjain/.m2/repository/org/glassfish/hk2/hk2-api/2.5.0-b42/hk2-api-2.5.0-b42.jar:/Users/vivekjain/.m2/repository/org/glassfish/hk2/hk2-utils/2.5.0-b42/hk2-utils-2.5.0-b42.jar:/Users/vivekjain/.m2/repository/org/javassist/javassist/3.22.0-GA/javassist-3.22.0-GA.jar:/Users/vivekjain/.m2/repository/com/fasterxml/jackson/dataformat/jackson-dataformat-smile/2.13.1/jackson-dataformat-smile-2.13.1.jar:/Users/vivekjain/.m2/repository/io/airlift/jmx/214/jmx-214.jar:/Users/vivekjain/.m2/repository/io/airlift/jmx-http/214/jmx-http-214.jar:/Users/vivekjain/.m2/repository/io/airlift/joni/2.1.5.3/joni-2.1.5.3.jar:/Users/vivekjain/.m2/repository/io/airlift/security/214/security-214.jar:/Users/vivekjain/.m2/repository/io/airlift/trace-token/214/trace-token-214.jar:/Users/vivekjain/.m2/repository/io/airlift/discovery/discovery-server/1.30/discovery-server-1.30.jar:/Users/vivekjain/.m2/repository/io/airlift/jmx-http-rpc/0.193/jmx-http-rpc-0.193.jar:/Users/vivekjain/.m2/repository/org/iq80/leveldb/leveldb-api/0.12/leveldb-api-0.12.jar:/Users/vivekjain/.m2/repository/org/iq80/leveldb/leveldb/0.12/leveldb-0.12.jar:/Users/vivekjain/.m2/repository/io/airlift/event-http/0.193/event-http-0.193.jar:/Users/vivekjain/.m2/repository/com/clearspring/analytics/stream/2.9.5/stream-2.9.5.jar:/Users/vivekjain/.m2/repository/org/slf4j/slf4j-api/1.7.32/slf4j-api-1.7.32.jar:/Users/vivekjain/.m2/repository/com/esri/geometry/esri-geometry-api/2.2.4/esri-geometry-api-2.2.4.jar:/Users/vivekjain/.m2/repository/com/github/oshi/oshi-core/5.8.5/oshi-core-5.8.5.jar:/Users/vivekjain/.m2/repository/net/java/dev/jna/jna/5.10.0/jna-5.10.0.jar:/Users/vivekjain/.m2/repository/net/java/dev/jna/jna-platform/5.10.0/jna-platform-5.10.0.jar:/Users/vivekjain/.m2/repository/com/github/scribejava/scribejava-apis/6.9.0/scribejava-apis-6.9.0.jar:/Users/vivekjain/.m2/repository/com/github/scribejava/scribejava-core/6.9.0/scribejava-core-6.9.0.jar:/Users/vivekjain/.m2/repository/com/teradata/re2j-td/1.4/re2j-td-1.4.jar:/Users/vivekjain/.m2/repository/commons-codec/commons-codec/1.15/commons-codec-1.15.jar:/Users/vivekjain/.m2/repository/io/jsonwebtoken/jjwt-api/0.11.2/jjwt-api-0.11.2.jar:/Users/vivekjain/.m2/repository/io/jsonwebtoken/jjwt-impl/0.11.2/jjwt-impl-0.11.2.jar:/Users/vivekjain/.m2/repository/io/jsonwebtoken/jjwt-jackson/0.11.2/jjwt-jackson-0.11.2.jar:/Users/vivekjain/.m2/repository/it/unimi/dsi/fastutil/8.3.0/fastutil-8.3.0.jar:/Users/vivekjain/.m2/repository/javax/ws/rs/javax.ws.rs-api/2.1.1/javax.ws.rs-api-2.1.1.jar:/Users/vivekjain/.m2/repository/org/apache/commons/commons-math3/3.6.1/commons-math3-3.6.1.jar:/Users/vivekjain/.m2/repository/org/apache/lucene/lucene-analyzers-common/8.4.1/lucene-analyzers-common-8.4.1.jar:/Users/vivekjain/.m2/repository/org/apache/lucene/lucene-core/8.4.1/lucene-core-8.4.1.jar:/Users/vivekjain/.m2/repository/org/gaul/modernizer-maven-annotations/2.3.0/modernizer-maven-annotations-2.3.0.jar:/Users/vivekjain/.m2/repository/org/jgrapht/jgrapht-core/0.9.0/jgrapht-core-0.9.0.jar:/Users/vivekjain/.m2/repository/org/locationtech/jts/jts-core/1.16.1/jts-core-1.16.1.jar:/Users/vivekjain/.m2/repository/org/ow2/asm/asm/9.2/asm-9.2.jar:/Users/vivekjain/.m2/repository/org/pcollections/pcollections/2.1.2/pcollections-2.1.2.jar:/Users/vivekjain/.m2/repository/com/squareup/okhttp3/okhttp/3.14.9/okhttp-3.14.9.jar:/Users/vivekjain/.m2/repository/com/squareup/okio/okio/1.17.2/okio-1.17.2.jar:/Users/vivekjain/.m2/repository/com/squareup/okhttp3/okhttp-urlconnection/3.14.9/okhttp-urlconnection-3.14.9.jar:/Users/vivekjain/.m2/repository/io/airlift/http-server/214/http-server-214.jar:/Users/vivekjain/.m2/repository/org/eclipse/jetty/jetty-http/9.4.44.v20210927/jetty-http-9.4.44.v20210927.jar:/Users/vivekjain/.m2/repository/org/eclipse/jetty/jetty-io/9.4.44.v20210927/jetty-io-9.4.44.v20210927.jar:/Users/vivekjain/.m2/repository/org/eclipse/jetty/http2/http2-server/9.4.44.v20210927/http2-server-9.4.44.v20210927.jar:/Users/vivekjain/.m2/repository/org/eclipse/jetty/http2/http2-common/9.4.44.v20210927/http2-common-9.4.44.v20210927.jar:/Users/vivekjain/.m2/repository/org/eclipse/jetty/http2/http2-hpack/9.4.44.v20210927/http2-hpack-9.4.44.v20210927.jar:/Users/vivekjain/.m2/repository/org/eclipse/jetty/jetty-server/9.4.44.v20210927/jetty-server-9.4.44.v20210927.jar:/Users/vivekjain/.m2/repository/org/eclipse/jetty/jetty-util/9.4.44.v20210927/jetty-util-9.4.44.v20210927.jar:/Users/vivekjain/.m2/repository/org/eclipse/jetty/jetty-servlet/9.4.44.v20210927/jetty-servlet-9.4.44.v20210927.jar:/Users/vivekjain/.m2/repository/org/eclipse/jetty/jetty-util-ajax/9.4.44.v20210927/jetty-util-ajax-9.4.44.v20210927.jar:/Users/vivekjain/.m2/repository/org/eclipse/jetty/jetty-security/9.4.44.v20210927/jetty-security-9.4.44.v20210927.jar:/Users/vivekjain/.m2/repository/org/eclipse/jetty/jetty-jmx/9.4.44.v20210927/jetty-jmx-9.4.44.v20210927.jar:/Users/vivekjain/.m2/repository/ch/qos/logback/logback-core/1.2.3/logback-core-1.2.3.jar:/Users/vivekjain/.m2/repository/io/airlift/node/214/node-214.jar:/Users/vivekjain/.m2/repository/io/airlift/testing/214/testing-214.jar:/Users/vivekjain/.m2/repository/javax/servlet/javax.servlet-api/4.0.1/javax.servlet-api-4.0.1.jar:/Users/vivekjain/.m2/repository/org/assertj/assertj-core/3.18.1/assertj-core-3.18.1.jar:/Users/vivekjain/.m2/repository/org/testng/testng/6.10/testng-6.10.jar:/Users/vivekjain/.m2/repository/com/beust/jcommander/1.48/jcommander-1.48.jar:"/>
    <property name="java.vm.vendor" value="Oracle Corporation"/>
    <property name="sun.arch.data.model" value="64"/>
    <property name="java.vendor.url" value="https://java.oracle.com/"/>
    <property name="user.timezone" value="America/Bahia_Banderas"/>
    <property name="os.name" value="Mac OS X"/>
    <property name="java.vm.specification.version" value="18"/>
    <property name="sun.java.launcher" value="SUN_STANDARD"/>
    <property name="user.country" value="GB"/>
    <property name="sun.boot.library.path" value="/Users/vivekjain/Library/Java/JavaVirtualMachines/openjdk-18/Contents/Home/lib"/>
    <property name="sun.java.command" value="/Users/vivekjain/Data/trino-workspace/trino-http/target/surefire/surefirebooter14232605443880640276.jar /Users/vivekjain/Data/trino-workspace/trino-http/target/surefire 2022-03-29T13-27-51_830-jvmRun1 surefire12861924977270970222tmp surefire_04052076403038656145tmp"/>
    <property name="http.nonProxyHosts" value="local|*.local|169.254/16|*.169.254/16"/>
    <property name="jdk.debug" value="release"/>
    <property name="surefire.test.class.path" value="/Users/vivekjain/Data/trino-workspace/trino-http/target/test-classes:/Users/vivekjain/Data/trino-workspace/trino-http/target/classes:/Users/vivekjain/.m2/repository/io/trino/trino-plugin-toolkit/375/trino-plugin-toolkit-375.jar:/Users/vivekjain/.m2/repository/io/trino/trino-matching/375/trino-matching-375.jar:/Users/vivekjain/.m2/repository/io/airlift/log/214/log-214.jar:/Users/vivekjain/.m2/repository/io/airlift/parameternames/1.4/parameternames-1.4.jar:/Users/vivekjain/.m2/repository/io/airlift/stats/214/stats-214.jar:/Users/vivekjain/.m2/repository/org/hdrhistogram/HdrHistogram/2.1.9/HdrHistogram-2.1.9.jar:/Users/vivekjain/.m2/repository/io/airlift/units/1.6/units-1.6.jar:/Users/vivekjain/.m2/repository/com/fasterxml/jackson/core/jackson-core/2.13.1/jackson-core-2.13.1.jar:/Users/vivekjain/.m2/repository/joda-time/joda-time/2.10.13/joda-time-2.10.13.jar:/Users/vivekjain/.m2/repository/org/weakref/jmxutils/1.21/jmxutils-1.21.jar:/Users/vivekjain/.m2/repository/io/airlift/bootstrap/214/bootstrap-214.jar:/Users/vivekjain/.m2/repository/io/airlift/log-manager/214/log-manager-214.jar:/Users/vivekjain/.m2/repository/org/slf4j/slf4j-jdk14/1.7.32/slf4j-jdk14-1.7.32.jar:/Users/vivekjain/.m2/repository/org/slf4j/log4j-over-slf4j/1.7.32/log4j-over-slf4j-1.7.32.jar:/Users/vivekjain/.m2/repository/org/apache/logging/log4j/log4j-to-slf4j/2.17.1/log4j-to-slf4j-2.17.1.jar:/Users/vivekjain/.m2/repository/org/apache/logging/log4j/log4j-api/2.17.1/log4j-api-2.17.1.jar:/Users/vivekjain/.m2/repository/org/slf4j/jcl-over-slf4j/1.7.32/jcl-over-slf4j-1.7.32.jar:/Users/vivekjain/.m2/repository/javax/annotation/javax.annotation-api/1.3.2/javax.annotation-api-1.3.2.jar:/Users/vivekjain/.m2/repository/io/airlift/configuration/214/configuration-214.jar:/Users/vivekjain/.m2/repository/org/apache/bval/bval-jsr/2.0.5/bval-jsr-2.0.5.jar:/Users/vivekjain/.m2/repository/net/bytebuddy/byte-buddy/1.10.22/byte-buddy-1.10.22.jar:/Users/vivekjain/.m2/repository/io/airlift/json/214/json-214.jar:/Users/vivekjain/.m2/repository/com/fasterxml/jackson/datatype/jackson-datatype-jdk8/2.13.1/jackson-datatype-jdk8-2.13.1.jar:/Users/vivekjain/.m2/repository/com/fasterxml/jackson/datatype/jackson-datatype-jsr310/2.13.1/jackson-datatype-jsr310-2.13.1.jar:/Users/vivekjain/.m2/repository/com/fasterxml/jackson/datatype/jackson-datatype-guava/2.13.1/jackson-datatype-guava-2.13.1.jar:/Users/vivekjain/.m2/repository/com/fasterxml/jackson/datatype/jackson-datatype-joda/2.13.1/jackson-datatype-joda-2.13.1.jar:/Users/vivekjain/.m2/repository/com/fasterxml/jackson/module/jackson-module-parameter-names/2.13.1/jackson-module-parameter-names-2.13.1.jar:/Users/vivekjain/.m2/repository/com/fasterxml/jackson/core/jackson-databind/2.13.1/jackson-databind-2.13.1.jar:/Users/vivekjain/.m2/repository/com/google/guava/guava/31.0.1-jre/guava-31.0.1-jre.jar:/Users/vivekjain/.m2/repository/com/google/guava/failureaccess/1.0.1/failureaccess-1.0.1.jar:/Users/vivekjain/.m2/repository/com/google/code/findbugs/jsr305/3.0.2/jsr305-3.0.2.jar:/Users/vivekjain/.m2/repository/org/checkerframework/checker-qual/3.20.0/checker-qual-3.20.0.jar:/Users/vivekjain/.m2/repository/com/google/errorprone/error_prone_annotations/2.11.0/error_prone_annotations-2.11.0.jar:/Users/vivekjain/.m2/repository/com/google/j2objc/j2objc-annotations/1.3/j2objc-annotations-1.3.jar:/Users/vivekjain/.m2/repository/com/google/inject/guice/5.1.0/guice-5.1.0.jar:/Users/vivekjain/.m2/repository/aopalliance/aopalliance/1.0/aopalliance-1.0.jar:/Users/vivekjain/.m2/repository/javax/inject/javax.inject/1/javax.inject-1.jar:/Users/vivekjain/.m2/repository/javax/validation/validation-api/2.0.1.Final/validation-api-2.0.1.Final.jar:/Users/vivekjain/.m2/repository/io/trino/trino-spi/375/trino-spi-375.jar:/Users/vivekjain/.m2/repository/io/airlift/slice/0.41/slice-0.41.jar:/Users/vivekjain/.m2/repository/com/fasterxml/jackson/core/jackson-annotations/2.13.1/jackson-annotations-2.13.1.jar:/Users/vivekjain/.m2/repository/org/openjdk/jol/jol-core/0.2/jol-core-0.2.jar:/Users/vivekjain/.m2/repository/io/trino/trino-main/375/trino-main-375.jar:/Users/vivekjain/.m2/repository/io/trino/trino-array/375/trino-array-375.jar:/Users/vivekjain/.m2/repository/io/trino/trino-client/375/trino-client-375.jar:/Users/vivekjain/.m2/repository/net/jodah/failsafe/2.4.0/failsafe-2.4.0.jar:/Users/vivekjain/.m2/repository/io/trino/trino-collect/375/trino-collect-375.jar:/Users/vivekjain/.m2/repository/io/trino/trino-geospatial-toolkit/375/trino-geospatial-toolkit-375.jar:/Users/vivekjain/.m2/repository/org/locationtech/jts/io/jts-io-common/1.16.1/jts-io-common-1.16.1.jar:/Users/vivekjain/.m2/repository/com/googlecode/json-simple/json-simple/1.1.1/json-simple-1.1.1.jar:/Users/vivekjain/.m2/repository/io/trino/trino-memory-context/375/trino-memory-context-375.jar:/Users/vivekjain/.m2/repository/io/trino/trino-parser/375/trino-parser-375.jar:/Users/vivekjain/.m2/repository/org/antlr/antlr4-runtime/4.9.3/antlr4-runtime-4.9.3.jar:/Users/vivekjain/.m2/repository/io/airlift/aircompressor/0.21/aircompressor-0.21.jar:/Users/vivekjain/.m2/repository/io/airlift/bytecode/1.4/bytecode-1.4.jar:/Users/vivekjain/.m2/repository/org/ow2/asm/asm-tree/9.2/asm-tree-9.2.jar:/Users/vivekjain/.m2/repository/org/ow2/asm/asm-util/9.2/asm-util-9.2.jar:/Users/vivekjain/.m2/repository/org/ow2/asm/asm-analysis/9.2/asm-analysis-9.2.jar:/Users/vivekjain/.m2/repository/io/airlift/concurrent/214/concurrent-214.jar:/Users/vivekjain/.m2/repository/io/airlift/discovery/214/discovery-214.jar:/Users/vivekjain/.m2/repository/io/airlift/event/214/event-214.jar:/Users/vivekjain/.m2/repository/io/airlift/http-client/214/http-client-214.jar:/Users/vivekjain/.m2/repository/org/eclipse/jetty/jetty-client/9.4.44.v20210927/jetty-client-9.4.44.v20210927.jar:/Users/vivekjain/.m2/repository/org/eclipse/jetty/http2/http2-client/9.4.44.v20210927/http2-client-9.4.44.v20210927.jar:/Users/vivekjain/.m2/repository/org/eclipse/jetty/jetty-alpn-client/9.4.44.v20210927/jetty-alpn-client-9.4.44.v20210927.jar:/Users/vivekjain/.m2/repository/org/eclipse/jetty/http2/http2-http-client-transport/9.4.44.v20210927/http2-http-client-transport-9.4.44.v20210927.jar:/Users/vivekjain/.m2/repository/org/eclipse/jetty/jetty-alpn-java-client/9.4.44.v20210927/jetty-alpn-java-client-9.4.44.v20210927.jar:/Users/vivekjain/.m2/repository/io/airlift/jaxrs/214/jaxrs-214.jar:/Users/vivekjain/.m2/repository/javax/xml/bind/jaxb-api/2.3.1/jaxb-api-2.3.1.jar:/Users/vivekjain/.m2/repository/javax/activation/javax.activation-api/1.2.0/javax.activation-api-1.2.0.jar:/Users/vivekjain/.m2/repository/org/glassfish/jaxb/jaxb-runtime/2.3.4/jaxb-runtime-2.3.4.jar:/Users/vivekjain/.m2/repository/org/glassfish/jaxb/txw2/2.3.4/txw2-2.3.4.jar:/Users/vivekjain/.m2/repository/com/sun/istack/istack-commons-runtime/3.0.12/istack-commons-runtime-3.0.12.jar:/Users/vivekjain/.m2/repository/org/glassfish/jersey/core/jersey-server/2.26/jersey-server-2.26.jar:/Users/vivekjain/.m2/repository/org/glassfish/jersey/core/jersey-common/2.26/jersey-common-2.26.jar:/Users/vivekjain/.m2/repository/org/glassfish/hk2/osgi-resource-locator/1.0.1/osgi-resource-locator-1.0.1.jar:/Users/vivekjain/.m2/repository/org/glassfish/jersey/core/jersey-client/2.26/jersey-client-2.26.jar:/Users/vivekjain/.m2/repository/org/glassfish/jersey/media/jersey-media-jaxb/2.26/jersey-media-jaxb-2.26.jar:/Users/vivekjain/.m2/repository/org/glassfish/jersey/containers/jersey-container-servlet-core/2.26/jersey-container-servlet-core-2.26.jar:/Users/vivekjain/.m2/repository/org/glassfish/jersey/containers/jersey-container-servlet/2.26/jersey-container-servlet-2.26.jar:/Users/vivekjain/.m2/repository/org/glassfish/jersey/inject/jersey-hk2/2.26/jersey-hk2-2.26.jar:/Users/vivekjain/.m2/repository/org/glassfish/hk2/hk2-locator/2.5.0-b42/hk2-locator-2.5.0-b42.jar:/Users/vivekjain/.m2/repository/org/glassfish/hk2/hk2-api/2.5.0-b42/hk2-api-2.5.0-b42.jar:/Users/vivekjain/.m2/repository/org/glassfish/hk2/hk2-utils/2.5.0-b42/hk2-utils-2.5.0-b42.jar:/Users/vivekjain/.m2/repository/org/javassist/javassist/3.22.0-GA/javassist-3.22.0-GA.jar:/Users/vivekjain/.m2/repository/com/fasterxml/jackson/dataformat/jackson-dataformat-smile/2.13.1/jackson-dataformat-smile-2.13.1.jar:/Users/vivekjain/.m2/repository/io/airlift/jmx/214/jmx-214.jar:/Users/vivekjain/.m2/repository/io/airlift/jmx-http/214/jmx-http-214.jar:/Users/vivekjain/.m2/repository/io/airlift/joni/2.1.5.3/joni-2.1.5.3.jar:/Users/vivekjain/.m2/repository/io/airlift/security/214/security-214.jar:/Users/vivekjain/.m2/repository/io/airlift/trace-token/214/trace-token-214.jar:/Users/vivekjain/.m2/repository/io/airlift/discovery/discovery-server/1.30/discovery-server-1.30.jar:/Users/vivekjain/.m2/repository/io/airlift/jmx-http-rpc/0.193/jmx-http-rpc-0.193.jar:/Users/vivekjain/.m2/repository/org/iq80/leveldb/leveldb-api/0.12/leveldb-api-0.12.jar:/Users/vivekjain/.m2/repository/org/iq80/leveldb/leveldb/0.12/leveldb-0.12.jar:/Users/vivekjain/.m2/repository/io/airlift/event-http/0.193/event-http-0.193.jar:/Users/vivekjain/.m2/repository/com/clearspring/analytics/stream/2.9.5/stream-2.9.5.jar:/Users/vivekjain/.m2/repository/org/slf4j/slf4j-api/1.7.32/slf4j-api-1.7.32.jar:/Users/vivekjain/.m2/repository/com/esri/geometry/esri-geometry-api/2.2.4/esri-geometry-api-2.2.4.jar:/Users/vivekjain/.m2/repository/com/github/oshi/oshi-core/5.8.5/oshi-core-5.8.5.jar:/Users/vivekjain/.m2/repository/net/java/dev/jna/jna/5.10.0/jna-5.10.0.jar:/Users/vivekjain/.m2/repository/net/java/dev/jna/jna-platform/5.10.0/jna-platform-5.10.0.jar:/Users/vivekjain/.m2/repository/com/github/scribejava/scribejava-apis/6.9.0/scribejava-apis-6.9.0.jar:/Users/vivekjain/.m2/repository/com/github/scribejava/scribejava-core/6.9.0/scribejava-core-6.9.0.jar:/Users/vivekjain/.m2/repository/com/teradata/re2j-td/1.4/re2j-td-1.4.jar:/Users/vivekjain/.m2/repository/commons-codec/commons-codec/1.15/commons-codec-1.15.jar:/Users/vivekjain/.m2/repository/io/jsonwebtoken/jjwt-api/0.11.2/jjwt-api-0.11.2.jar:/Users/vivekjain/.m2/repository/io/jsonwebtoken/jjwt-impl/0.11.2/jjwt-impl-0.11.2.jar:/Users/vivekjain/.m2/repository/io/jsonwebtoken/jjwt-jackson/0.11.2/jjwt-jackson-0.11.2.jar:/Users/vivekjain/.m2/repository/it/unimi/dsi/fastutil/8.3.0/fastutil-8.3.0.jar:/Users/vivekjain/.m2/repository/javax/ws/rs/javax.ws.rs-api/2.1.1/javax.ws.rs-api-2.1.1.jar:/Users/vivekjain/.m2/repository/org/apache/commons/commons-math3/3.6.1/commons-math3-3.6.1.jar:/Users/vivekjain/.m2/repository/org/apache/lucene/lucene-analyzers-common/8.4.1/lucene-analyzers-common-8.4.1.jar:/Users/vivekjain/.m2/repository/org/apache/lucene/lucene-core/8.4.1/lucene-core-8.4.1.jar:/Users/vivekjain/.m2/repository/org/gaul/modernizer-maven-annotations/2.3.0/modernizer-maven-annotations-2.3.0.jar:/Users/vivekjain/.m2/repository/org/jgrapht/jgrapht-core/0.9.0/jgrapht-core-0.9.0.jar:/Users/vivekjain/.m2/repository/org/locationtech/jts/jts-core/1.16.1/jts-core-1.16.1.jar:/Users/vivekjain/.m2/repository/org/ow2/asm/asm/9.2/asm-9.2.jar:/Users/vivekjain/.m2/repository/org/pcollections/pcollections/2.1.2/pcollections-2.1.2.jar:/Users/vivekjain/.m2/repository/com/squareup/okhttp3/okhttp/3.14.9/okhttp-3.14.9.jar:/Users/vivekjain/.m2/repository/com/squareup/okio/okio/1.17.2/okio-1.17.2.jar:/Users/vivekjain/.m2/repository/com/squareup/okhttp3/okhttp-urlconnection/3.14.9/okhttp-urlconnection-3.14.9.jar:/Users/vivekjain/.m2/repository/io/airlift/http-server/214/http-server-214.jar:/Users/vivekjain/.m2/repository/org/eclipse/jetty/jetty-http/9.4.44.v20210927/jetty-http-9.4.44.v20210927.jar:/Users/vivekjain/.m2/repository/org/eclipse/jetty/jetty-io/9.4.44.v20210927/jetty-io-9.4.44.v20210927.jar:/Users/vivekjain/.m2/repository/org/eclipse/jetty/http2/http2-server/9.4.44.v20210927/http2-server-9.4.44.v20210927.jar:/Users/vivekjain/.m2/repository/org/eclipse/jetty/http2/http2-common/9.4.44.v20210927/http2-common-9.4.44.v20210927.jar:/Users/vivekjain/.m2/repository/org/eclipse/jetty/http2/http2-hpack/9.4.44.v20210927/http2-hpack-9.4.44.v20210927.jar:/Users/vivekjain/.m2/repository/org/eclipse/jetty/jetty-server/9.4.44.v20210927/jetty-server-9.4.44.v20210927.jar:/Users/vivekjain/.m2/repository/org/eclipse/jetty/jetty-util/9.4.44.v20210927/jetty-util-9.4.44.v20210927.jar:/Users/vivekjain/.m2/repository/org/eclipse/jetty/jetty-servlet/9.4.44.v20210927/jetty-servlet-9.4.44.v20210927.jar:/Users/vivekjain/.m2/repository/org/eclipse/jetty/jetty-util-ajax/9.4.44.v20210927/jetty-util-ajax-9.4.44.v20210927.jar:/Users/vivekjain/.m2/repository/org/eclipse/jetty/jetty-security/9.4.44.v20210927/jetty-security-9.4.44.v20210927.jar:/Users/vivekjain/.m2/repository/org/eclipse/jetty/jetty-jmx/9.4.44.v20210927/jetty-jmx-9.4.44.v20210927.jar:/Users/vivekjain/.m2/repository/ch/qos/logback/logback-core/1.2.3/logback-core-1.2.3.jar:/Users/vivekjain/.m2/repository/io/airlift/node/214/node-214.jar:/Users/vivekjain/.m2/repository/io/airlift/testing/214/testing-214.jar:/Users/vivekjain/.m2/repository/javax/servlet/javax.servlet-api/4.0.1/javax.servlet-api-4.0.1.jar:/Users/vivekjain/.m2/repository/org/assertj/assertj-core/3.18.1/assertj-core-3.18.1.jar:/Users/vivekjain/.m2/repository/org/testng/testng/6.10/testng-6.10.jar:/Users/vivekjain/.m2/repository/com/beust/jcommander/1.48/jcommander-1.48.jar:"/>
    <property name="sun.cpu.endian" value="little"/>
    <property name="user.home" value="/Users/vivekjain"/>
    <property name="user.language" value="en"/>
    <property name="java.specification.vendor" value="Oracle Corporation"/>
    <property name="java.version.date" value="2022-03-22"/>
    <property name="java.home" value="/Users/vivekjain/Library/Java/JavaVirtualMachines/openjdk-18/Contents/Home"/>
    <property name="file.separator" value="/"/>
    <property name="basedir" value="/Users/vivekjain/Data/trino-workspace/trino-http"/>
    <property name="java.vm.compressedOopsMode" value="Zero based"/>
    <property name="line.separator" value="&#10;"/>
    <property name="java.vm.specification.vendor" value="Oracle Corporation"/>
    <property name="java.specification.name" value="Java Platform API Specification"/>
    <property name="java.awt.headless" value="true"/>
    <property name="apple.awt.application.name" value="ForkedBooter"/>
    <property name="surefire.real.class.path" value="/Users/vivekjain/Data/trino-workspace/trino-http/target/surefire/surefirebooter14232605443880640276.jar"/>
    <property name="sun.management.compiler" value="HotSpot 64-Bit Tiered Compilers"/>
    <property name="ftp.nonProxyHosts" value="local|*.local|169.254/16|*.169.254/16"/>
    <property name="java.runtime.version" value="18+36-2087"/>
    <property name="user.name" value="vivekjain"/>
    <property name="path.separator" value=":"/>
    <property name="os.version" value="12.2.1"/>
    <property name="java.runtime.name" value="OpenJDK Runtime Environment"/>
    <property name="file.encoding" value="UTF-8"/>
    <property name="java.vm.name" value="OpenJDK 64-Bit Server VM"/>
    <property name="localRepository" value="/Users/vivekjain/.m2/repository"/>
    <property name="java.vendor.url.bug" value="https://bugreport.java.com/bugreport/"/>
    <property name="jetty.git.hash" value="8da83308eeca865e495e53ef315a249d63ba9332"/>
    <property name="java.io.tmpdir" value="/var/folders/c4/yp_m8c5j11jbsk22zsgbntxh0000gn/T/"/>
    <property name="idea.version" value="2021.3.2"/>
    <property name="java.version" value="18"/>
    <property name="user.dir" value="/Users/vivekjain/Data/trino-workspace/trino-http"/>
    <property name="os.arch" value="aarch64"/>
    <property name="java.vm.specification.name" value="Java Virtual Machine Specification"/>
    <property name="java.util.logging.SimpleFormatter.format" value="%1$tY-%1$tm-%1$tdT%1$tH:%1$tM:%1$tS.%1$tL%1$tz %4$s %5$s%6$s%n"/>
    <property name="native.encoding" value="UTF-8"/>
    <property name="java.library.path" value="/Users/vivekjain/Library/Java/Extensions:/Library/Java/Extensions:/Network/Library/Java/Extensions:/System/Library/Java/Extensions:/usr/lib/java:."/>
    <property name="java.vm.info" value="mixed mode, sharing"/>
    <property name="java.vendor" value="Oracle Corporation"/>
    <property name="java.vm.version" value="18+36-2087"/>
    <property name="sun.io.unicode.encoding" value="UnicodeBig"/>
    <property name="socksNonProxyHosts" value="local|*.local|169.254/16|*.169.254/16"/>
    <property name="java.class.version" value="62.0"/>
  </properties>
  <testcase name="testEquivalence" classname="io.trino.plugin.http.TestColumnHandle" time="0.005"/>
  <testcase name="testJsonRoundTrip" classname="io.trino.plugin.http.TestColumnHandle" time="0.18"/>
  <testcase name="testMetadata" classname="io.trino.plugin.http.TestClient" time="0.002"/>
  <testcase name="testDefaults" classname="io.trino.plugin.http.TestConfig" time="0.102"/>
  <testcase name="testExplicitPropertyMappings" classname="io.trino.plugin.http.TestConfig" time="0.032"/>
  <testcase name="getColumnMetadata" classname="io.trino.plugin.http.TestMetadata" time="0.045"/>
  <testcase name="getTableMetadata" classname="io.trino.plugin.http.TestMetadata" time="0.002"/>
  <testcase name="testCreateTable" classname="io.trino.plugin.http.TestMetadata" time="0.024">
    <system-err><![CDATA[2022-03-29T06:27:52.722-0600 INFO Loading configuration
]]></system-err>
  </testcase>
  <testcase name="testDropTableTable" classname="io.trino.plugin.http.TestMetadata" time="0"/>
  <testcase name="testGetColumnHandles" classname="io.trino.plugin.http.TestMetadata" time="0.003"/>
  <testcase name="testGetTableHandle" classname="io.trino.plugin.http.TestMetadata" time="0.001"/>
  <testcase name="testListSchemaNames" classname="io.trino.plugin.http.TestMetadata" time="0.001"/>
  <testcase name="testListTables" classname="io.trino.plugin.http.TestMetadata" time="0.001"/>
  <testcase name="testCursorSimple" classname="io.trino.plugin.http.TestRecordSet" time="0.044">
    <system-err><![CDATA[2022-03-29T06:27:52.828-0600 INFO PROPERTY                                       DEFAULT                   RUNTIME                   DESCRIPTION
2022-03-29T06:27:52.828-0600 INFO http-server.admin.enabled                      false                     false
2022-03-29T06:27:52.828-0600 INFO http-server.admin.threads.max                  200                       200
2022-03-29T06:27:52.828-0600 INFO http-server.admin.threads.min                  2                         2
2022-03-29T06:27:52.828-0600 INFO http-server.admin.port                         0                         0
2022-03-29T06:27:52.828-0600 INFO http-server.http2.session-receive-window-size  16MB                      16MB                      Initial size of session's flow control receive window for HTTP/2
2022-03-29T06:27:52.828-0600 INFO http-server.http2.stream-receive-window-size   16MB                      16MB                      Initial size of stream's flow control receive window for HTTP/2
2022-03-29T06:27:52.829-0600 INFO http-server.http2.input-buffer-size            8kB                       8kB                       Size of the buffer used to read from the network for HTTP/2
2022-03-29T06:27:52.829-0600 INFO http-server.http2.max-concurrent-streams       16384                     16384                     Maximum concurrent streams per connection for HTTP/2
2022-03-29T06:27:52.829-0600 INFO http-server.http2.stream-idle-timeout          15.00s                    15.00s
2022-03-29T06:27:52.829-0600 INFO http-server.accept-queue-size                  8000                      8000
2022-03-29T06:27:52.829-0600 INFO http-server.http.acceptor-threads              ----                      ----
2022-03-29T06:27:52.829-0600 INFO http-server.http.enabled                       true                      true
2022-03-29T06:27:52.830-0600 INFO http-server.http.port                          0                         0
2022-03-29T06:27:52.830-0600 INFO http-server.http.selector-threads              ----                      ----
2022-03-29T06:27:52.830-0600 INFO http-server.https.acceptor-threads             ----                      ----
2022-03-29T06:27:52.830-0600 INFO http-server.https.enabled                      false                     false
2022-03-29T06:27:52.830-0600 INFO http-server.https.selector-threads             ----                      ----
2022-03-29T06:27:52.830-0600 INFO http-server.log.compression.enabled            true                      true
2022-03-29T06:27:52.830-0600 INFO http-server.log.enabled                        true                      true
2022-03-29T06:27:52.830-0600 INFO http-server.log.max-history                    15                        15
2022-03-29T06:27:52.830-0600 INFO http-server.log.max-size                       100MB                     100MB
2022-03-29T06:27:52.830-0600 INFO http-server.log.path                           var/log/http-request.log  var/log/http-request.log
2022-03-29T06:27:52.831-0600 INFO http-server.log.queue-size                     10000                     10000
2022-03-29T06:27:52.831-0600 INFO http-server.max-request-header-size            ----                      ----
2022-03-29T06:27:52.831-0600 INFO http-server.max-response-header-size           ----                      ----
2022-03-29T06:27:52.831-0600 INFO http-server.threads.max                        200                       200
2022-03-29T06:27:52.831-0600 INFO http-server.threads.min                        2                         2
2022-03-29T06:27:52.831-0600 INFO http-server.net.max-idle-time                  200.00s                   200.00s
2022-03-29T06:27:52.831-0600 INFO http-server.process-forwarded                  false                     false                     Process Forwarded and X-Forwarded headers (for proxied environments)
2022-03-29T06:27:52.831-0600 INFO http-server.show-stack-trace                   true                      true                      Show the stack trace when generating an error response
2022-03-29T06:27:52.831-0600 INFO http-server.threads.max-idle-time              1.00m                     1.00m
2022-03-29T06:27:52.831-0600 INFO http-server.auth.users-file                    ----                      ----
2022-03-29T06:27:52.915-0600 INFO Logging initialized @880ms to org.eclipse.jetty.util.log.Slf4jLog
2022-03-29T06:27:52.963-0600 INFO jetty-9.4.44.v20210927; built: 2021-09-27T23:02:44.612Z; git: 8da83308eeca865e495e53ef315a249d63ba9332; jvm 18+36-2087
2022-03-29T06:27:52.972-0600 INFO Started o.e.j.s.ServletContextHandler@3230c666{/,null,AVAILABLE,@http}
2022-03-29T06:27:52.977-0600 INFO Started http@2244da58{HTTP/1.1, (http/1.1, h2c)}{127.0.0.1:59231}
2022-03-29T06:27:52.978-0600 INFO Started @943ms
2022-03-29T06:27:52.978-0600 INFO Life cycle starting...
2022-03-29T06:27:52.978-0600 INFO Life cycle started
]]></system-err>
  </testcase>
  <testcase name="testCursorMixedOrder" classname="io.trino.plugin.http.TestRecordSet" time="0.044"/>
  <testcase name="testGetColumnTypes" classname="io.trino.plugin.http.TestRecordSet" time="0">
    <system-err><![CDATA[2022-03-29T06:27:53.030-0600 INFO Loading configuration
]]></system-err>
  </testcase>
  <testcase name="testAddresses" classname="io.trino.plugin.http.TestSplit" time="0">
    <system-err><![CDATA[2022-03-29T06:27:53.030-0600 INFO Life cycle stopping...
2022-03-29T06:27:53.034-0600 INFO Stopped http@2244da58{HTTP/1.1, (http/1.1, h2c)}{127.0.0.1:59231}
2022-03-29T06:27:53.035-0600 INFO Stopped o.e.j.s.ServletContextHandler@3230c666{/,null,STOPPED,@http}
2022-03-29T06:27:53.039-0600 INFO Life cycle stopped
]]></system-err>
  </testcase>
  <testcase name="testJsonRoundTrip" classname="io.trino.plugin.http.TestSplit" time="0.001"/>
  <testcase name="testColumnMetadata" classname="io.trino.plugin.http.TestTable" time="0"/>
  <testcase name="testRoundTrip" classname="io.trino.plugin.http.TestTable" time="0.015">
    <system-err><![CDATA[2022-03-29T06:27:53.045-0600 INFO PROPERTY                                       DEFAULT                   RUNTIME                   DESCRIPTION
2022-03-29T06:27:53.045-0600 INFO http-server.admin.enabled                      false                     false
2022-03-29T06:27:53.045-0600 INFO http-server.admin.threads.max                  200                       200
2022-03-29T06:27:53.046-0600 INFO http-server.admin.threads.min                  2                         2
2022-03-29T06:27:53.046-0600 INFO http-server.admin.port                         0                         0
2022-03-29T06:27:53.046-0600 INFO http-server.http2.session-receive-window-size  16MB                      16MB                      Initial size of session's flow control receive window for HTTP/2
2022-03-29T06:27:53.046-0600 INFO http-server.http2.stream-receive-window-size   16MB                      16MB                      Initial size of stream's flow control receive window for HTTP/2
2022-03-29T06:27:53.046-0600 INFO http-server.http2.input-buffer-size            8kB                       8kB                       Size of the buffer used to read from the network for HTTP/2
2022-03-29T06:27:53.046-0600 INFO http-server.http2.max-concurrent-streams       16384                     16384                     Maximum concurrent streams per connection for HTTP/2
2022-03-29T06:27:53.046-0600 INFO http-server.http2.stream-idle-timeout          15.00s                    15.00s
2022-03-29T06:27:53.046-0600 INFO http-server.accept-queue-size                  8000                      8000
2022-03-29T06:27:53.046-0600 INFO http-server.http.acceptor-threads              ----                      ----
2022-03-29T06:27:53.046-0600 INFO http-server.http.enabled                       true                      true
2022-03-29T06:27:53.046-0600 INFO http-server.http.port                          0                         0
2022-03-29T06:27:53.046-0600 INFO http-server.http.selector-threads              ----                      ----
2022-03-29T06:27:53.046-0600 INFO http-server.https.acceptor-threads             ----                      ----
2022-03-29T06:27:53.047-0600 INFO http-server.https.enabled                      false                     false
2022-03-29T06:27:53.047-0600 INFO http-server.https.selector-threads             ----                      ----
2022-03-29T06:27:53.047-0600 INFO http-server.log.compression.enabled            true                      true
2022-03-29T06:27:53.047-0600 INFO http-server.log.enabled                        true                      true
2022-03-29T06:27:53.047-0600 INFO http-server.log.max-history                    15                        15
2022-03-29T06:27:53.047-0600 INFO http-server.log.max-size                       100MB                     100MB
2022-03-29T06:27:53.047-0600 INFO http-server.log.path                           var/log/http-request.log  var/log/http-request.log
2022-03-29T06:27:53.047-0600 INFO http-server.log.queue-size                     10000                     10000
2022-03-29T06:27:53.047-0600 INFO http-server.max-request-header-size            ----                      ----
2022-03-29T06:27:53.047-0600 INFO http-server.max-response-header-size           ----                      ----
2022-03-29T06:27:53.047-0600 INFO http-server.threads.max                        200                       200
2022-03-29T06:27:53.047-0600 INFO http-server.threads.min                        2                         2
2022-03-29T06:27:53.047-0600 INFO http-server.net.max-idle-time                  200.00s                   200.00s
2022-03-29T06:27:53.048-0600 INFO http-server.process-forwarded                  false                     false                     Process Forwarded and X-Forwarded headers (for proxied environments)
2022-03-29T06:27:53.048-0600 INFO http-server.show-stack-trace                   true                      true                      Show the stack trace when generating an error response
2022-03-29T06:27:53.048-0600 INFO http-server.threads.max-idle-time              1.00m                     1.00m
2022-03-29T06:27:53.048-0600 INFO http-server.auth.users-file                    ----                      ----
]]></system-err>
  </testcase>
  <testcase name="testEquivalence" classname="io.trino.plugin.http.TestTableHandle" time="0"/>
  <testcase name="testJsonRoundTrip" classname="io.trino.plugin.http.TestTableHandle" time="0"/>
  <testcase name="testGetRecordSet" classname="io.trino.plugin.http.TestRecordSetProvider" time="0.003">
    <system-err><![CDATA[2022-03-29T06:27:53.056-0600 INFO jetty-9.4.44.v20210927; built: 2021-09-27T23:02:44.612Z; git: 8da83308eeca865e495e53ef315a249d63ba9332; jvm 18+36-2087
2022-03-29T06:27:53.057-0600 INFO Started o.e.j.s.ServletContextHandler@5158dabf{/,null,AVAILABLE,@http}
2022-03-29T06:27:53.058-0600 INFO Started http@7da2a886{HTTP/1.1, (http/1.1, h2c)}{127.0.0.1:59236}
2022-03-29T06:27:53.058-0600 INFO Started @1023ms
2022-03-29T06:27:53.058-0600 INFO Life cycle starting...
2022-03-29T06:27:53.058-0600 INFO Life cycle started
]]></system-err>
  </testcase>
</testsuite>