<?xml version="1.0" encoding="UTF-8"?>
<!-- Generated by org.testng.reporters.JUnitReportReporter -->
<testsuite ignored="0" hostname="viveks-mbp-14.lan" failures="0" tests="3" name="io.trino.plugin.http.TestRecordSet" time="0.102" errors="0" timestamp="29 Mar 2022 12:27:53 GMT" skipped="0">
  <testcase classname="io.trino.plugin.http.TestRecordSet" name="testCursorMixedOrder" time="0.051"/>
  <testcase classname="io.trino.plugin.http.TestRecordSet" name="testCursorSimple" time="0.051"/>
  <testcase classname="io.trino.plugin.http.TestRecordSet" name="testGetColumnTypes" time="0.000"/>
</testsuite> <!-- io.trino.plugin.http.TestRecordSet -->
