<?xml version="1.0" encoding="UTF-8"?>
<!-- Generated by org.testng.reporters.JUnitReportReporter -->
<testsuite ignored="0" hostname="viveks-mbp-14.lan" failures="0" tests="3" name="io.trino.plugin.http.TestRecordSet" time="0.103" errors="0" timestamp="29 Mar 2022 15:44:15 GMT" skipped="0">
  <testcase classname="io.trino.plugin.http.TestRecordSet" name="testCursorSimple" time="0.051"/>
  <testcase classname="io.trino.plugin.http.TestRecordSet" name="testGetColumnTypes" time="0.001"/>
  <testcase classname="io.trino.plugin.http.TestRecordSet" name="testCursorMixedOrder" time="0.051"/>
</testsuite> <!-- io.trino.plugin.http.TestRecordSet -->
