<?xml version="1.0" encoding="UTF-8"?>
<!-- Generated by org.testng.reporters.JUnitReportReporter -->
<testsuite ignored="0" hostname="viveks-mbp-14.lan" failures="0" tests="8" name="io.trino.plugin.http.TestMetadata" time="0.082" errors="0" timestamp="29 Mar 2022 15:44:15 GMT" skipped="0">
  <testcase classname="io.trino.plugin.http.TestMetadata" name="testListSchemaNames" time="0.002"/>
  <testcase classname="io.trino.plugin.http.TestMetadata" name="testGetTableHandle" time="0.002"/>
  <testcase classname="io.trino.plugin.http.TestMetadata" name="testDropTableTable" time="0.000"/>
  <testcase classname="io.trino.plugin.http.TestMetadata" name="getTableMetadata" time="0.002"/>
  <testcase classname="io.trino.plugin.http.TestMetadata" name="testCreateTable" time="0.026"/>
  <testcase classname="io.trino.plugin.http.TestMetadata" name="testListTables" time="0.001"/>
  <testcase classname="io.trino.plugin.http.TestMetadata" name="getColumnMetadata" time="0.047"/>
  <testcase classname="io.trino.plugin.http.TestMetadata" name="testGetColumnHandles" time="0.002"/>
</testsuite> <!-- io.trino.plugin.http.TestMetadata -->
